<?xml version="1.0" encoding="UTF-8"?>
<!-- Generated by org.testng.reporters.JUnitReportReporter -->
<testsuite skipped="0" hostname="DESKTOP-4IK1A9B" name="kindle.OrderBook" tests="1" failures="0" timestamp="06 Jan 2019 14:50:40 GMT" time="26.588" errors="0">
  <testcase name="initalizeDriver" time="26.588" classname="kindle.OrderBook"/>
</testsuite> <!-- kindle.OrderBook -->
