<?xml version="1.0" encoding="UTF-8"?>
<!-- Generated by org.testng.reporters.JUnitReportReporter -->
<testsuite skipped="0" hostname="DESKTOP-4IK1A9B" name="kindle.OrderBookTest" tests="1" failures="0" timestamp="07 Jan 2019 14:53:31 GMT" time="50.896" errors="0">
  <testcase name="getBook" time="50.896" classname="kindle.OrderBookTest"/>
</testsuite> <!-- kindle.OrderBookTest -->
